<?xml version="1.0" encoding="UTF-8"?>
<!-- Generated by org.testng.reporters.JUnitReportReporter -->
<testsuite hostname="DESKTOP-G9OIG6O" failures="0" tests="1" name="test.java.LoginTest" time="15.419" errors="0" timestamp="2025-09-24T17:01:49 IST" skipped="0">
  <testcase classname="test.java.LoginTest" name="testValidLogin" time="15.419"/>
</testsuite> <!-- test.java.LoginTest -->
